<?xml version="1.0" encoding="UTF-8"?>
<!-- Generated by org.testng.reporters.JUnitXMLReporter -->
<testsuite hostname="CBT-2F-301" name="Test" tests="1" failures="1" timestamp="18 May 2023 12:58:13 GMT" time="33.085" errors="0">
  <testcase name="createOrganizationTest" time="21.914" classname="testngImplementation.CreateOrganizationTest">
    <failure type="java.lang.AssertionError" message="The following asserts failed:
	expected [true] but found [false]">
      <![CDATA[java.lang.AssertionError: The following asserts failed:
	expected [true] but found [false]
	at testngImplementation.CreateOrganizationTest.createOrganizationTest(CreateOrganizationTest.java:34)
... Removed 26 stack frames]]>
    </failure>
  </testcase> <!-- createOrganizationTest -->
</testsuite> <!-- Test -->
